


ARM Macro Assembler    Page 1 


    1 00000000                 AREA             RESET, DATA,READONLY
    2 00000000                 EXPORT           __Vectors
    3 00000000         
    4 00000000         __Vectors
    5 00000000 10001000        DCD              0x10001000  ; stack pointer val
                                                            ue
    6 00000004 00000000        DCD              Reset_Handler ; reset vectors
    7 00000008                 ALIGN
    8 00000008                 AREA             mycode, CODE, READONLY
    9 00000000                 ENTRY
   10 00000000                 EXPORT           Reset_Handler
   11 00000000         
   12 00000000         Reset_Handler
   13 00000000 4F11            LDR              R7, =DST
   14 00000002 4812            LDR              R0, =SRC1
   15 00000004 4912            LDR              R1, =SRC2
   16 00000006 F04F 0204       MOV              R2, #4      ; r2 stores value f
                                                            or loop counter
   17 0000000A         
   18 0000000A F850 3B04 
                       UP      LDR              R3, [R0], #4
   19 0000000E F851 4B04       LDR              R4, [R1], #4
   20 00000012 EB54 0503       ADCS             R5, R4, R3
   21 00000016 F847 5B04       STR              R5, [R7], #4
   22 0000001A F1A2 0201       SUB              R2, #1
   23 0000001E F092 0F00       TEQ              R2, #00
   24 00000022 D1F2            BNE              UP
   25 00000024         
   26 00000024         STOP
   27 00000024 E7FE            B                STOP
   28 00000026         
   29 00000026 00 00 11111111 
              33333333 
              55555555 
              77777777 SRC1    DCD              0x11111111, 0x33333333, 0x55555
555, 0x77777777
   30 00000038 22222222 
              44444444 
              66666666 
              88888888 SRC2    DCD              0x22222222, 0x44444444, 0x66666
666, 0x88888888
   31 00000048 00000000 
              00000000 
              00000000         AREA             mydata, DATA, READWRITE
   32 00000000 00000000 
                       DST     DCD              0
   33 00000004                 END
Command Line: --debug --xref --cpu=Cortex-M3 --apcs=interwork --depend=q1.d -oq
1.o -IC:\Keil\ARM\RV31\INC -IC:\Keil\ARM\CMSIS\Include -IC:\Keil\ARM\Inc\NXP\LP
C17xx --predefine="__EVAL SETA 1" --list=q1.lst q1.asm



ARM Macro Assembler    Page 1 Alphabetic symbol ordering
Relocatable symbols

RESET 00000000

Symbol: RESET
   Definitions
      At line 1 in file q1.asm
   Uses
      None
Comment: RESET unused
__Vectors 00000000

Symbol: __Vectors
   Definitions
      At line 4 in file q1.asm
   Uses
      At line 2 in file q1.asm
Comment: __Vectors used once
2 symbols



ARM Macro Assembler    Page 1 Alphabetic symbol ordering
Relocatable symbols

Reset_Handler 00000000

Symbol: Reset_Handler
   Definitions
      At line 12 in file q1.asm
   Uses
      At line 6 in file q1.asm
      At line 10 in file q1.asm

SRC1 00000028

Symbol: SRC1
   Definitions
      At line 29 in file q1.asm
   Uses
      At line 14 in file q1.asm
Comment: SRC1 used once
SRC2 00000038

Symbol: SRC2
   Definitions
      At line 30 in file q1.asm
   Uses
      At line 15 in file q1.asm
Comment: SRC2 used once
STOP 00000024

Symbol: STOP
   Definitions
      At line 26 in file q1.asm
   Uses
      At line 27 in file q1.asm
Comment: STOP used once
UP 0000000A

Symbol: UP
   Definitions
      At line 18 in file q1.asm
   Uses
      At line 24 in file q1.asm
Comment: UP used once
mycode 00000000

Symbol: mycode
   Definitions
      At line 8 in file q1.asm
   Uses
      None
Comment: mycode unused
6 symbols



ARM Macro Assembler    Page 1 Alphabetic symbol ordering
Relocatable symbols

DST 00000000

Symbol: DST
   Definitions
      At line 32 in file q1.asm
   Uses
      At line 13 in file q1.asm
Comment: DST used once
mydata 00000000

Symbol: mydata
   Definitions
      At line 31 in file q1.asm
   Uses
      None
Comment: mydata unused
2 symbols
343 symbols in table
