


ARM Macro Assembler    Page 1 


    1 00000000                 AREA             RESET, DATA, READONLY
    2 00000000                 EXPORT           __Vectors
    3 00000000         
    4 00000000         __Vectors
    5 00000000 10001000        DCD              0x10001000  ; stack pointer val
                                                            ue
    6 00000004 00000000        DCD              Reset_Handler ; reset vectors
    7 00000008                 ALIGN
    8 00000008                 AREA             mycode, CODE, READONLY
    9 00000000                 ENTRY
   10 00000000                 EXPORT           Reset_Handler
   11 00000000         
   12 00000000         Reset_Handler
   13 00000000 4803            LDR              R0, =N
   14 00000002 4B04            LDR              R3, =DST
   15 00000004 FB00 0100       MLA              R1, R0, R0, R0
   16 00000008 EA4F 0151       LSR              R1, R1, #1
   17 0000000C 6019            STR              R1, [R3]
   18 0000000E         
   19 0000000E         STOP
   20 0000000E E7FE            B                STOP
   21 00000010         
   22 00000010 00000008 
                       N       EQU              0x00000008
   23 00000010 00000008 
              00000000         AREA             mydata, DATA, READWRITE
   24 00000000 00000000 
                       DST     DCD              0
   25 00000004                 END
Command Line: --debug --xref --cpu=Cortex-M3 --apcs=interwork --depend=q3.d -oq
3.o -IC:\Keil\ARM\RV31\INC -IC:\Keil\ARM\CMSIS\Include -IC:\Keil\ARM\Inc\NXP\LP
C17xx --predefine="__EVAL SETA 1" --list=q3.lst q3.asm



ARM Macro Assembler    Page 1 Alphabetic symbol ordering
Relocatable symbols

RESET 00000000

Symbol: RESET
   Definitions
      At line 1 in file q3.asm
   Uses
      None
Comment: RESET unused
__Vectors 00000000

Symbol: __Vectors
   Definitions
      At line 4 in file q3.asm
   Uses
      At line 2 in file q3.asm
Comment: __Vectors used once
2 symbols



ARM Macro Assembler    Page 1 Alphabetic symbol ordering
Relocatable symbols

Reset_Handler 00000000

Symbol: Reset_Handler
   Definitions
      At line 12 in file q3.asm
   Uses
      At line 6 in file q3.asm
      At line 10 in file q3.asm

STOP 0000000E

Symbol: STOP
   Definitions
      At line 19 in file q3.asm
   Uses
      At line 20 in file q3.asm
Comment: STOP used once
mycode 00000000

Symbol: mycode
   Definitions
      At line 8 in file q3.asm
   Uses
      None
Comment: mycode unused
3 symbols



ARM Macro Assembler    Page 1 Alphabetic symbol ordering
Relocatable symbols

DST 00000000

Symbol: DST
   Definitions
      At line 24 in file q3.asm
   Uses
      At line 14 in file q3.asm
Comment: DST used once
mydata 00000000

Symbol: mydata
   Definitions
      At line 23 in file q3.asm
   Uses
      None
Comment: mydata unused
2 symbols



ARM Macro Assembler    Page 1 Alphabetic symbol ordering
Absolute symbols

N 00000008

Symbol: N
   Definitions
      At line 22 in file q3.asm
   Uses
      At line 13 in file q3.asm
Comment: N used once
1 symbol
341 symbols in table
