


ARM Macro Assembler    Page 1 


    1 00000000                 AREA             RESET, DATA, READONLY
    2 00000000                 EXPORT           __Vectors
    3 00000000         
    4 00000000         __Vectors
    5 00000000 10001000        DCD              0x10001000  ; stack pointer val
                                                            ue
    6 00000004 00000000        DCD              Reset_Handler ; reset vectors
    7 00000008                 ALIGN
    8 00000008                 AREA             mycode, CODE, READONLY
    9 00000000                 ENTRY
   10 00000000                 EXPORT           Reset_Handler
   11 00000000         
   12 00000000         Reset_Handler
   13 00000000 4808            LDR              R0, =SRC1
   14 00000002 4909            LDR              R1, =SRC2
   15 00000004 6802            LDR              R2, [R0]
   16 00000006 680B            LDR              R3, [R1]
   17 00000008 4C08            LDR              R4, =DST
   18 0000000A         
   19 0000000A 429A    UP      CMP              R2, R3
   20 0000000C D003            BEQ              FIN
   21 0000000E BFCC 1AD2       SUBGT            R2, R3
   22 00000012 1A9B            SUBLE            R3, R2
   23 00000014 E7F9            B                UP
   24 00000016 6022    FIN     STR              R2, [R4]
   25 00000018         
   26 00000018         STOP
   27 00000018 E7FE            B                STOP
   28 0000001A         
   29 0000001A 00 00 00000006 
                       SRC1    DCD              0x06
   30 00000020 00000008 
                       SRC2    DCD              0x08
   31 00000024 00000000 
              00000000 
              00000000         AREA             mydata, DATA, READWRITE
   32 00000000 00000000 
                       DST     DCD              0
   33 00000004                 END
Command Line: --debug --xref --cpu=Cortex-M3 --apcs=interwork --depend=q6.d -oq
6.o -IC:\Keil\ARM\RV31\INC -IC:\Keil\ARM\CMSIS\Include -IC:\Keil\ARM\Inc\NXP\LP
C17xx --predefine="__EVAL SETA 1" --list=q6.lst q6.asm



ARM Macro Assembler    Page 1 Alphabetic symbol ordering
Relocatable symbols

RESET 00000000

Symbol: RESET
   Definitions
      At line 1 in file q6.asm
   Uses
      None
Comment: RESET unused
__Vectors 00000000

Symbol: __Vectors
   Definitions
      At line 4 in file q6.asm
   Uses
      At line 2 in file q6.asm
Comment: __Vectors used once
2 symbols



ARM Macro Assembler    Page 1 Alphabetic symbol ordering
Relocatable symbols

FIN 00000016

Symbol: FIN
   Definitions
      At line 24 in file q6.asm
   Uses
      At line 20 in file q6.asm
Comment: FIN used once
Reset_Handler 00000000

Symbol: Reset_Handler
   Definitions
      At line 12 in file q6.asm
   Uses
      At line 6 in file q6.asm
      At line 10 in file q6.asm

SRC1 0000001C

Symbol: SRC1
   Definitions
      At line 29 in file q6.asm
   Uses
      At line 13 in file q6.asm
Comment: SRC1 used once
SRC2 00000020

Symbol: SRC2
   Definitions
      At line 30 in file q6.asm
   Uses
      At line 14 in file q6.asm
Comment: SRC2 used once
STOP 00000018

Symbol: STOP
   Definitions
      At line 26 in file q6.asm
   Uses
      At line 27 in file q6.asm
Comment: STOP used once
UP 0000000A

Symbol: UP
   Definitions
      At line 19 in file q6.asm
   Uses
      At line 23 in file q6.asm
Comment: UP used once
mycode 00000000

Symbol: mycode
   Definitions
      At line 8 in file q6.asm
   Uses
      None
Comment: mycode unused
7 symbols



ARM Macro Assembler    Page 1 Alphabetic symbol ordering
Relocatable symbols

DST 00000000

Symbol: DST
   Definitions
      At line 32 in file q6.asm
   Uses
      At line 17 in file q6.asm
Comment: DST used once
mydata 00000000

Symbol: mydata
   Definitions
      At line 31 in file q6.asm
   Uses
      None
Comment: mydata unused
2 symbols
344 symbols in table
