


ARM Macro Assembler    Page 1 


    1 00000000                 AREA             RESET, DATA, READONLY
    2 00000000                 EXPORT           __Vectors
    3 00000000         
    4 00000000         __Vectors
    5 00000000 10001000        DCD              0x10001000  ; Initial Stack Poi
                                                            nter
    6 00000004 00000000        DCD              Reset_Handler ; Reset Handler
    7 00000008                 ALIGN
    8 00000008                 AREA             mycode, CODE, READONLY
    9 00000000                 ENTRY
   10 00000000                 EXPORT           Reset_Handler
   11 00000000         
   12 00000000         Reset_Handler
   13 00000000 490F            LDR              R1,=NUM
   14 00000002 F8DF D040       LDR              R13,=0x10001000
   15 00000006 F04F 0201       MOV              R2,#1
   16 0000000A F000 F805       BL               fact1
   17 0000000E F8DF 9038       LDR              R9,=DST
   18 00000012 F8C9 2000       STR              R2, [R9]
   19 00000016         
   20 00000016         STOP
   21 00000016 E7FE            B                STOP
   22 00000018         
   23 00000018         fact1
   24 00000018 2901            CMP              R1,#1
   25 0000001A D00B            BEQ              exit
   26 0000001C B402            PUSH{R1}
   27 0000001E B500            PUSH{LR}
   28 00000020 F1A1 0101       SUB              R1,#1
   29 00000024 F7FF FFF8       BL               fact1
   30 00000028         
   31 00000028 F85D EB04       POP{LR}
   32 0000002C BC02            POP{R1}
   33 0000002E FB01 F202       MUL              R2, R1, R2
   34 00000032 4770            BX               LR
   35 00000034         
   36 00000034         exit
   37 00000034 F04F 0201       MOV              R2,#1
   38 00000038 4770            BX               LR
   39 0000003A         
   40 0000003A 00 00 00000005 
                       NUM     DCD              5
   41 00000040 00000000 
              10001000 
              00000000         AREA             mydata, DATA, READWRITE
   42 00000000 00000000 
                       DST     DCD              0
   43 00000004                 END
Command Line: --debug --xref --cpu=Cortex-M3 --apcs=interwork --depend=q2-facto
rial.d -oq2-factorial.o -IC:\Keil\ARM\RV31\INC -IC:\Keil\ARM\CMSIS\Include -IC:
\Keil\ARM\Inc\NXP\LPC17xx --predefine="__EVAL SETA 1" --list=q2-factorial.lst q
2-factorial.asm



ARM Macro Assembler    Page 1 Alphabetic symbol ordering
Relocatable symbols

RESET 00000000

Symbol: RESET
   Definitions
      At line 1 in file q2-factorial.asm
   Uses
      None
Comment: RESET unused
__Vectors 00000000

Symbol: __Vectors
   Definitions
      At line 4 in file q2-factorial.asm
   Uses
      At line 2 in file q2-factorial.asm
Comment: __Vectors used once
2 symbols



ARM Macro Assembler    Page 1 Alphabetic symbol ordering
Relocatable symbols

NUM 0000003C

Symbol: NUM
   Definitions
      At line 40 in file q2-factorial.asm
   Uses
      At line 13 in file q2-factorial.asm
Comment: NUM used once
Reset_Handler 00000000

Symbol: Reset_Handler
   Definitions
      At line 12 in file q2-factorial.asm
   Uses
      At line 6 in file q2-factorial.asm
      At line 10 in file q2-factorial.asm

STOP 00000016

Symbol: STOP
   Definitions
      At line 20 in file q2-factorial.asm
   Uses
      At line 21 in file q2-factorial.asm
Comment: STOP used once
exit 00000034

Symbol: exit
   Definitions
      At line 36 in file q2-factorial.asm
   Uses
      At line 25 in file q2-factorial.asm
Comment: exit used once
fact1 00000018

Symbol: fact1
   Definitions
      At line 23 in file q2-factorial.asm
   Uses
      At line 16 in file q2-factorial.asm
      At line 29 in file q2-factorial.asm

mycode 00000000

Symbol: mycode
   Definitions
      At line 8 in file q2-factorial.asm
   Uses
      None
Comment: mycode unused
6 symbols



ARM Macro Assembler    Page 1 Alphabetic symbol ordering
Relocatable symbols

DST 00000000

Symbol: DST
   Definitions
      At line 42 in file q2-factorial.asm
   Uses
      At line 17 in file q2-factorial.asm
Comment: DST used once
mydata 00000000

Symbol: mydata
   Definitions
      At line 41 in file q2-factorial.asm
   Uses
      None
Comment: mydata unused
2 symbols
343 symbols in table
