


ARM Macro Assembler    Page 1 


    1 00000000                 AREA             RESET,DATA,READONLY
    2 00000000                 EXPORT           __Vectors
    3 00000000         
    4 00000000         __Vectors
    5 00000000 10001000        DCD              0x10001000
    6 00000004 00000000        DCD              Reset_Handler
    7 00000008                 ALIGN
    8 00000008                 AREA             mycode, CODE, READONLY
    9 00000000                 ENTRY
   10 00000000                 EXPORT           Reset_Handler
   11 00000000         
   12 00000000         Reset_Handler
   13 00000000 480F            LDR              R0, =SRC
   14 00000002 4910            LDR              R1, =DST
   15 00000004         
   16 00000004 F04F 080A       MOV              R8, #10
   17 00000008         
   18 00000008 F850 2B04 
                       UP      LDR              R2, [R0], #4
   19 0000000C F841 2B04       STR              R2, [R1], #4
   20 00000010 F1B8 0801       SUBS             R8, #1
   21 00000014 D1F8            BNE              UP
   22 00000016         
   23 00000016         STOP
   24 00000016 E7FE            B                STOP
   25 00000018         
   26 00000018 AB12FE49 
              12345678 
              ABCDEF12 
              11111111 
              22222222 
              33334444 
              44445555 
              66778899 
              AAAABBBB 
              EFEFEFEF SRC     DCD              0xAB12FE49, 0x12345678, 0xABCDE
F12, 0x11111111, 0x22222222, 0x33334444, 0x44445555, 0x66778899, 0xAAAABBBB, 0x
EFEFEFEF
   27 00000040 00000000 
              00000000         AREA             mydata, DATA, READWRITE
   28 00000000 00000000 
                       DST     DCD              0
   29 00000004                 END
Command Line: --debug --xref --cpu=Cortex-M3 --apcs=interwork --depend=q1.d -oq
1.o -IC:\Keil\ARM\RV31\INC -IC:\Keil\ARM\CMSIS\Include -IC:\Keil\ARM\Inc\NXP\LP
C17xx --predefine="__EVAL SETA 1" --list=q1.lst q1.asm



ARM Macro Assembler    Page 1 Alphabetic symbol ordering
Relocatable symbols

RESET 00000000

Symbol: RESET
   Definitions
      At line 1 in file q1.asm
   Uses
      None
Comment: RESET unused
__Vectors 00000000

Symbol: __Vectors
   Definitions
      At line 4 in file q1.asm
   Uses
      At line 2 in file q1.asm
Comment: __Vectors used once
2 symbols



ARM Macro Assembler    Page 1 Alphabetic symbol ordering
Relocatable symbols

Reset_Handler 00000000

Symbol: Reset_Handler
   Definitions
      At line 12 in file q1.asm
   Uses
      At line 6 in file q1.asm
      At line 10 in file q1.asm

SRC 00000018

Symbol: SRC
   Definitions
      At line 26 in file q1.asm
   Uses
      At line 13 in file q1.asm
Comment: SRC used once
STOP 00000016

Symbol: STOP
   Definitions
      At line 23 in file q1.asm
   Uses
      At line 24 in file q1.asm
Comment: STOP used once
UP 00000008

Symbol: UP
   Definitions
      At line 18 in file q1.asm
   Uses
      At line 21 in file q1.asm
Comment: UP used once
mycode 00000000

Symbol: mycode
   Definitions
      At line 8 in file q1.asm
   Uses
      None
Comment: mycode unused
5 symbols



ARM Macro Assembler    Page 1 Alphabetic symbol ordering
Relocatable symbols

DST 00000000

Symbol: DST
   Definitions
      At line 28 in file q1.asm
   Uses
      At line 14 in file q1.asm
Comment: DST used once
mydata 00000000

Symbol: mydata
   Definitions
      At line 27 in file q1.asm
   Uses
      None
Comment: mydata unused
2 symbols
342 symbols in table
