


ARM Macro Assembler    Page 1 


    1 00000000                 AREA             RESET,DATA,READONLY
    2 00000000                 EXPORT           __Vectors
    3 00000000         
    4 00000000         __Vectors
    5 00000000 10001000        DCD              0x10001000
    6 00000004 00000000        DCD              Reset_Handler
    7 00000008                 ALIGN
    8 00000008                 AREA             mycode,CODE,READONLY
    9 00000000                 ENTRY
   10 00000000                 EXPORT           Reset_Handler
   11 00000000         
   12 00000000         Reset_Handler
   13 00000000 4815            LDR              R0, =SRC
   14 00000002 4916            LDR              R1, =DST
   15 00000004         
   16 00000004 F04F 080A       MOV              R8, #10
   17 00000008         
   18 00000008 F850 2B04 
                       UP1     LDR              R2, [R0], #4
   19 0000000C F841 2B04       STR              R2, [R1], #4
   20 00000010 F1B8 0801       SUBS             R8, #1
   21 00000014 D1F8            BNE              UP1
   22 00000016         
   23 00000016 F04F 5080       MOV              R0, #0x10000000
   24 0000001A F04F 0809       MOV              R8, #9
   25 0000001E         
   26 0000001E 6804            LDR              R4, [R0]
   27 00000020 F850 5F04 
                       UP2     LDR              R5, [R0, #4]!
   28 00000024 1964            ADDS             R4, R5
   29 00000026 F1B8 0801       SUBS             R8, #1
   30 0000002A D1F9            BNE              UP2
   31 0000002C         
   32 0000002C 6044            STR              R4, [R0, #4]
   33 0000002E         
   34 0000002E         STOP
   35 0000002E E7FE            B                STOP
   36 00000030         
   37 00000030 AB12FE49 
              12345678 
              ABCDEF12 
              11111111 
              22222222 
              33334444 
              44445555 
              66778899 
              AAAABBBB 
              EFEFEFEF SRC     DCD              0xAB12FE49, 0x12345678, 0xABCDE
F12, 0x11111111, 0x22222222, 0x33334444, 0x44445555, 0x66778899, 0xAAAABBBB, 0x
EFEFEFEF
   38 00000058 00000000 
              00000000         AREA             mydata, DATA, READWRITE
   39 00000000 00000000 
                       DST     DCD              0
   40 00000004                 END
Command Line: --debug --xref --cpu=Cortex-M3 --apcs=interwork --depend=q2.d -oq
2.o -IC:\Keil\ARM\RV31\INC -IC:\Keil\ARM\CMSIS\Include -IC:\Keil\ARM\Inc\NXP\LP
C17xx --predefine="__EVAL SETA 1" --list=q2.lst q2.asm



ARM Macro Assembler    Page 1 Alphabetic symbol ordering
Relocatable symbols

RESET 00000000

Symbol: RESET
   Definitions
      At line 1 in file q2.asm
   Uses
      None
Comment: RESET unused
__Vectors 00000000

Symbol: __Vectors
   Definitions
      At line 4 in file q2.asm
   Uses
      At line 2 in file q2.asm
Comment: __Vectors used once
2 symbols



ARM Macro Assembler    Page 1 Alphabetic symbol ordering
Relocatable symbols

Reset_Handler 00000000

Symbol: Reset_Handler
   Definitions
      At line 12 in file q2.asm
   Uses
      At line 6 in file q2.asm
      At line 10 in file q2.asm

SRC 00000030

Symbol: SRC
   Definitions
      At line 37 in file q2.asm
   Uses
      At line 13 in file q2.asm
Comment: SRC used once
STOP 0000002E

Symbol: STOP
   Definitions
      At line 34 in file q2.asm
   Uses
      At line 35 in file q2.asm
Comment: STOP used once
UP1 00000008

Symbol: UP1
   Definitions
      At line 18 in file q2.asm
   Uses
      At line 21 in file q2.asm
Comment: UP1 used once
UP2 00000020

Symbol: UP2
   Definitions
      At line 27 in file q2.asm
   Uses
      At line 30 in file q2.asm
Comment: UP2 used once
mycode 00000000

Symbol: mycode
   Definitions
      At line 8 in file q2.asm
   Uses
      None
Comment: mycode unused
6 symbols



ARM Macro Assembler    Page 1 Alphabetic symbol ordering
Relocatable symbols

DST 00000000

Symbol: DST
   Definitions
      At line 39 in file q2.asm
   Uses
      At line 14 in file q2.asm
Comment: DST used once
mydata 00000000

Symbol: mydata
   Definitions
      At line 38 in file q2.asm
   Uses
      None
Comment: mydata unused
2 symbols
343 symbols in table
