


ARM Macro Assembler    Page 1 


    1 00000000                 AREA             RESET, DATA, READONLY
    2 00000000                 EXPORT           __Vectors
    3 00000000         
    4 00000000         __Vectors
    5 00000000 10001000        DCD              0x10001000
    6 00000004 00000000        DCD              Reset_Handler
    7 00000008                 ALIGN
    8 00000008                 AREA             mycode,CODE,READONLY
    9 00000000                 ENTRY
   10 00000000                 EXPORT           Reset_Handler
   11 00000000         
   12 00000000         Reset_Handler
   13 00000000 F04F 0101       MOV              R1, #0x01
   14 00000004 F04F 0B0A       MOV              R11, #0x0A
   15 00000008 4809            LDR              R0, =SRC
   16 0000000A 6802            LDR              R2, [R0]
   17 0000000C 4F09            LDR              R7, =DST
   18 0000000E         
   19 0000000E F002 030F 
                       UP      AND              R3, R2, #0x0F
   20 00000012 EA4F 1212       LSR              R2, #4
   21 00000016 FB03 F301       MUL              R3, R1
   22 0000001A FB01 F10B       MUL              R1, R11
   23 0000001E 4499            ADD              R9, R3
   24 00000020 2A00            CMP              R2, #0
   25 00000022 D1F4            BNE              UP
   26 00000024         
   27 00000024 F8C7 9000       STR              R9, [R7]
   28 00000028 E7FF            B                STOP
   29 0000002A         
   30 0000002A         STOP
   31 0000002A E7FE            B                STOP
   32 0000002C         
   33 0000002C 00057005 
                       SRC     DCD              0x00057005
   34 00000030 00000000 
              00000000         AREA             mydata, DATA, READWRITE
   35 00000000 00000000 
                       DST     DCD              0
   36 00000004                 END
Command Line: --debug --xref --cpu=Cortex-M3 --apcs=interwork --depend=decimal_
to_hex.d -odecimal_to_hex.o -IC:\Keil\ARM\RV31\INC -IC:\Keil\ARM\CMSIS\Include 
-IC:\Keil\ARM\Inc\NXP\LPC17xx --predefine="__EVAL SETA 1" --list=decimal_to_hex
.lst decimal_to_hex.asm



ARM Macro Assembler    Page 1 Alphabetic symbol ordering
Relocatable symbols

RESET 00000000

Symbol: RESET
   Definitions
      At line 1 in file decimal_to_hex.asm
   Uses
      None
Comment: RESET unused
__Vectors 00000000

Symbol: __Vectors
   Definitions
      At line 4 in file decimal_to_hex.asm
   Uses
      At line 2 in file decimal_to_hex.asm
Comment: __Vectors used once
2 symbols



ARM Macro Assembler    Page 1 Alphabetic symbol ordering
Relocatable symbols

Reset_Handler 00000000

Symbol: Reset_Handler
   Definitions
      At line 12 in file decimal_to_hex.asm
   Uses
      At line 6 in file decimal_to_hex.asm
      At line 10 in file decimal_to_hex.asm

SRC 0000002C

Symbol: SRC
   Definitions
      At line 33 in file decimal_to_hex.asm
   Uses
      At line 15 in file decimal_to_hex.asm
Comment: SRC used once
STOP 0000002A

Symbol: STOP
   Definitions
      At line 30 in file decimal_to_hex.asm
   Uses
      At line 28 in file decimal_to_hex.asm
      At line 31 in file decimal_to_hex.asm

UP 0000000E

Symbol: UP
   Definitions
      At line 19 in file decimal_to_hex.asm
   Uses
      At line 25 in file decimal_to_hex.asm
Comment: UP used once
mycode 00000000

Symbol: mycode
   Definitions
      At line 8 in file decimal_to_hex.asm
   Uses
      None
Comment: mycode unused
5 symbols



ARM Macro Assembler    Page 1 Alphabetic symbol ordering
Relocatable symbols

DST 00000000

Symbol: DST
   Definitions
      At line 35 in file decimal_to_hex.asm
   Uses
      At line 17 in file decimal_to_hex.asm
Comment: DST used once
mydata 00000000

Symbol: mydata
   Definitions
      At line 34 in file decimal_to_hex.asm
   Uses
      None
Comment: mydata unused
2 symbols
342 symbols in table
