


ARM Macro Assembler    Page 1 


    1 00000000                 AREA             RESET, DATA, READONLY
    2 00000000                 EXPORT           __Vectors
    3 00000000         
    4 00000000         __Vectors
    5 00000000 10001000        DCD              0x10001000
    6 00000004 00000000        DCD              Reset_Handler
    7 00000008                 ALIGN
    8 00000008                 AREA             mycode,CODE,READONLY
    9 00000000                 ENTRY
   10 00000000                 EXPORT           Reset_Handler
   11 00000000         
   12 00000000         Reset_Handler
   13 00000000 F04F 010A       MOV              R1, #0x0A
   14 00000004 F04F 0A00       MOV              R10, #0
   15 00000008 4C0F            LDR              R4, =SRC
   16 0000000A 6820            LDR              R0, [R4]
   17 0000000C 4F0F            LDR              R7, =DST
   18 0000000E         
   19 0000000E F000 F810 
                       UP      BL               div
   20 00000012 FA02 F20A       LSL              R2, R10
   21 00000016 EA49 0902       ORR              R9, R2
   22 0000001A F10A 0A04       ADD              R10, #4
   23 0000001E 2B00            CMP              R3, #00
   24 00000020 4618            MOV              R0, R3
   25 00000022 F04F 0300       MOV              R3, #0
   26 00000026 D1F2            BNE              UP
   27 00000028         
   28 00000028 EA49 0903       ORR              R9, R3
   29 0000002C F8C7 9000       STR              R9, [R7]
   30 00000030 E006            B                STOP
   31 00000032         
   32 00000032 4288    div     CMP              R0, R1
   33 00000034 BF24 1A40       SUBCS            R0, R1
   34 00000038 3301            ADDCS            R3, #1
   35 0000003A D2FA            BCS              div
   36 0000003C 4602            MOV              R2, R0
   37 0000003E 4770            BX               LR
   38 00000040         
   39 00000040         STOP
   40 00000040 E7FE            B                STOP
   41 00000042         
   42 00000042 00 00 0000DEAD 
                       SRC     DCD              0x0000DEAD
   43 00000048 00000000 
              00000000         AREA             mydata, DATA, READWRITE
   44 00000000 00000000 
                       DST     DCD              0
   45 00000004                 END
Command Line: --debug --xref --cpu=Cortex-M3 --apcs=interwork --depend=hex_to_d
ecimal.d -ohex_to_decimal.o -IC:\Keil\ARM\RV31\INC -IC:\Keil\ARM\CMSIS\Include 
-IC:\Keil\ARM\Inc\NXP\LPC17xx --predefine="__EVAL SETA 1" --list=hex_to_decimal
.lst hex_to_decimal.asm



ARM Macro Assembler    Page 1 Alphabetic symbol ordering
Relocatable symbols

RESET 00000000

Symbol: RESET
   Definitions
      At line 1 in file hex_to_decimal.asm
   Uses
      None
Comment: RESET unused
__Vectors 00000000

Symbol: __Vectors
   Definitions
      At line 4 in file hex_to_decimal.asm
   Uses
      At line 2 in file hex_to_decimal.asm
Comment: __Vectors used once
2 symbols



ARM Macro Assembler    Page 1 Alphabetic symbol ordering
Relocatable symbols

Reset_Handler 00000000

Symbol: Reset_Handler
   Definitions
      At line 12 in file hex_to_decimal.asm
   Uses
      At line 6 in file hex_to_decimal.asm
      At line 10 in file hex_to_decimal.asm

SRC 00000044

Symbol: SRC
   Definitions
      At line 42 in file hex_to_decimal.asm
   Uses
      At line 15 in file hex_to_decimal.asm
Comment: SRC used once
STOP 00000040

Symbol: STOP
   Definitions
      At line 39 in file hex_to_decimal.asm
   Uses
      At line 30 in file hex_to_decimal.asm
      At line 40 in file hex_to_decimal.asm

UP 0000000E

Symbol: UP
   Definitions
      At line 19 in file hex_to_decimal.asm
   Uses
      At line 26 in file hex_to_decimal.asm
Comment: UP used once
div 00000032

Symbol: div
   Definitions
      At line 32 in file hex_to_decimal.asm
   Uses
      At line 19 in file hex_to_decimal.asm
      At line 35 in file hex_to_decimal.asm

mycode 00000000

Symbol: mycode
   Definitions
      At line 8 in file hex_to_decimal.asm
   Uses
      None
Comment: mycode unused
6 symbols



ARM Macro Assembler    Page 1 Alphabetic symbol ordering
Relocatable symbols

DST 00000000

Symbol: DST
   Definitions
      At line 44 in file hex_to_decimal.asm
   Uses
      At line 17 in file hex_to_decimal.asm
Comment: DST used once
mydata 00000000

Symbol: mydata
   Definitions
      At line 43 in file hex_to_decimal.asm
   Uses
      None
Comment: mydata unused
2 symbols
343 symbols in table
