


ARM Macro Assembler    Page 1 


    1 00000000                 AREA             RESET, DATA, READONLY
    2 00000000                 EXPORT           __Vectors
    3 00000000         
    4 00000000         __Vectors
    5 00000000 10001000        DCD              0x10001000
    6 00000004 00000000        DCD              Reset_Handler
    7 00000008                 ALIGN
    8 00000008                 AREA             mycode, CODE, READONLY
    9 00000000                 ENTRY
   10 00000000                 EXPORT           Reset_Handler
   11 00000000         
   12 00000000         Reset_Handler
   13 00000000 490C            LDR              R1, =HEX
   14 00000002 6809            LDR              R1, [R1]
   15 00000004         
   16 00000004         CHECK
   17 00000004 2900            CMP              R1, #0
   18 00000006 D00F            BEQ              STORE
   19 00000008 F04F 0300       MOV              R3, #0
   20 0000000C         
   21 0000000C         UP
   22 0000000C 290A            CMP              R1, #0xA
   23 0000000E D304            BLO              EXIT
   24 00000010 F1A1 010A       SUB              R1, #0xA
   25 00000014 F103 0301       ADD              R3, #1
   26 00000018 E7F8            B                UP
   27 0000001A         
   28 0000001A         EXIT
   29 0000001A FA01 F102       LSL              R1, R2
   30 0000001E 4408            ADD              R0, R1
   31 00000020 F102 0204       ADD              R2, #4
   32 00000024 4619            MOV              R1, R3
   33 00000026 E7ED            B                CHECK
   34 00000028         
   35 00000028 4C03    STORE   LDR              R4, =BCD
   36 0000002A 6020            STR              R0, [R4]
   37 0000002C         
   38 0000002C         STOP
   39 0000002C E7FE            B                STOP
   40 0000002E         
   41 0000002E 00 00 00001234 
                       HEX     DCD              0x1234
   42 00000034 00000000 
              00000000         AREA             mydata, DATA, READWRITE
   43 00000000 00000000 
                       BCD     DCD              0x00000000
   44 00000004                 END
Command Line: --debug --xref --cpu=Cortex-M3 --apcs=interwork --depend=q5-hex_t
o_bcd.d -oq5-hex_to_bcd.o -IC:\Keil\ARM\RV31\INC -IC:\Keil\ARM\CMSIS\Include -I
C:\Keil\ARM\Inc\NXP\LPC17xx --predefine="__EVAL SETA 1" --list=q5-hex_to_bcd.ls
t q5-hex_to_bcd.asm



ARM Macro Assembler    Page 1 Alphabetic symbol ordering
Relocatable symbols

RESET 00000000

Symbol: RESET
   Definitions
      At line 1 in file q5-hex_to_bcd.asm
   Uses
      None
Comment: RESET unused
__Vectors 00000000

Symbol: __Vectors
   Definitions
      At line 4 in file q5-hex_to_bcd.asm
   Uses
      At line 2 in file q5-hex_to_bcd.asm
Comment: __Vectors used once
2 symbols



ARM Macro Assembler    Page 1 Alphabetic symbol ordering
Relocatable symbols

CHECK 00000004

Symbol: CHECK
   Definitions
      At line 16 in file q5-hex_to_bcd.asm
   Uses
      At line 33 in file q5-hex_to_bcd.asm
Comment: CHECK used once
EXIT 0000001A

Symbol: EXIT
   Definitions
      At line 28 in file q5-hex_to_bcd.asm
   Uses
      At line 23 in file q5-hex_to_bcd.asm
Comment: EXIT used once
HEX 00000030

Symbol: HEX
   Definitions
      At line 41 in file q5-hex_to_bcd.asm
   Uses
      At line 13 in file q5-hex_to_bcd.asm
Comment: HEX used once
Reset_Handler 00000000

Symbol: Reset_Handler
   Definitions
      At line 12 in file q5-hex_to_bcd.asm
   Uses
      At line 6 in file q5-hex_to_bcd.asm
      At line 10 in file q5-hex_to_bcd.asm

STOP 0000002C

Symbol: STOP
   Definitions
      At line 38 in file q5-hex_to_bcd.asm
   Uses
      At line 39 in file q5-hex_to_bcd.asm
Comment: STOP used once
STORE 00000028

Symbol: STORE
   Definitions
      At line 35 in file q5-hex_to_bcd.asm
   Uses
      At line 18 in file q5-hex_to_bcd.asm
Comment: STORE used once
UP 0000000C

Symbol: UP
   Definitions
      At line 21 in file q5-hex_to_bcd.asm
   Uses
      At line 26 in file q5-hex_to_bcd.asm
Comment: UP used once
mycode 00000000




ARM Macro Assembler    Page 2 Alphabetic symbol ordering
Relocatable symbols

Symbol: mycode
   Definitions
      At line 8 in file q5-hex_to_bcd.asm
   Uses
      None
Comment: mycode unused
8 symbols



ARM Macro Assembler    Page 1 Alphabetic symbol ordering
Relocatable symbols

BCD 00000000

Symbol: BCD
   Definitions
      At line 43 in file q5-hex_to_bcd.asm
   Uses
      At line 35 in file q5-hex_to_bcd.asm
Comment: BCD used once
mydata 00000000

Symbol: mydata
   Definitions
      At line 42 in file q5-hex_to_bcd.asm
   Uses
      None
Comment: mydata unused
2 symbols
345 symbols in table
