


ARM Macro Assembler    Page 1 


    1 00000000                 AREA             RESET, DATA, READONLY
    2 00000000                 EXPORT           __Vectors
    3 00000000         __Vectors
    4 00000000 10001000        DCD              0x10001000  ; Stackpointer valu
                                                            e when stack is emp
                                                            ty
    5 00000004 00000000        DCD              Reset_Handler ; reset vectors
    6 00000008                 ALIGN
    7 00000008                 AREA             mycode, CODE, READONLY
    8 00000000                 ENTRY
    9 00000000                 EXPORT           Reset_Handler
   10 00000000         
   11 00000000         Reset_Handler
   12 00000000 F04F 0010       MOV              R0, #0x10
   13 00000004 F04F 010A       MOV              R1, #010
   14 00000008 F102 0221       ADD              R2, #33
   15 0000000C 440A            ADD              R2, R1
   16 0000000E F04F 3422       LDR              R4, =0x22222222
   17 00000012         STOP
   18 00000012 E7FE            B                STOP
   19 00000014 0000000A 
                       NUM     EQU              10
   20 00000014 00000008 
              00123456 
              020F76D3 SRC     DCD              8, 0x123456, 34567891
   21 00000020                 END
Command Line: --debug --xref --cpu=Cortex-M3 --apcs=interwork --depend=code1.d 
-ocode1.o -IC:\Keil\ARM\RV31\INC -IC:\Keil\ARM\CMSIS\Include -IC:\Keil\ARM\Inc\
NXP\LPC17xx --predefine="__EVAL SETA 1" --list=code1.lst code1.asm



ARM Macro Assembler    Page 1 Alphabetic symbol ordering
Relocatable symbols

RESET 00000000

Symbol: RESET
   Definitions
      At line 1 in file code1.asm
   Uses
      None
Comment: RESET unused
__Vectors 00000000

Symbol: __Vectors
   Definitions
      At line 3 in file code1.asm
   Uses
      At line 2 in file code1.asm
Comment: __Vectors used once
2 symbols



ARM Macro Assembler    Page 1 Alphabetic symbol ordering
Relocatable symbols

Reset_Handler 00000000

Symbol: Reset_Handler
   Definitions
      At line 11 in file code1.asm
   Uses
      At line 5 in file code1.asm
      At line 9 in file code1.asm

SRC 00000014

Symbol: SRC
   Definitions
      At line 20 in file code1.asm
   Uses
      None
Comment: SRC unused
STOP 00000012

Symbol: STOP
   Definitions
      At line 17 in file code1.asm
   Uses
      At line 18 in file code1.asm
Comment: STOP used once
mycode 00000000

Symbol: mycode
   Definitions
      At line 7 in file code1.asm
   Uses
      None
Comment: mycode unused
4 symbols



ARM Macro Assembler    Page 1 Alphabetic symbol ordering
Absolute symbols

NUM 0000000A

Symbol: NUM
   Definitions
      At line 19 in file code1.asm
   Uses
      None
Comment: NUM unused
1 symbol
338 symbols in table
