


ARM Macro Assembler    Page 1 


    1 00000000                 AREA             RESET, DATA, READONLY
    2 00000000                 EXPORT           __Vectors
    3 00000000         __Vectors
    4 00000000 10001000        DCD              0x10001000  ; Stack pointer val
                                                            ue when stack is em
                                                            tpy
    5 00000004 00000000        DCD              Reset_Handler ; reset vectors
    6 00000008                 ALIGN
    7 00000008                 AREA             mycode, CODE, READONLY
    8 00000000                 ENTRY
    9 00000000                 EXPORT           Reset_Handler
   10 00000000         
   11 00000000         Reset_Handler
   12 00000000 F04F 000A       MOV              R0, #10
   13 00000004 F44F 1180       MOV              R1, #0x100000
   14 00000008 F44F 1280       LDR              R2, =0x100000
   15 0000000C F06F 0302       MOV              R3, #-3
   16 00000010 F04F 040A       MOV              R4, #2_1010
   17 00000014 F04F 051E       MOV              R5, #3_1010
   18 00000018         STOP
   19 00000018 E7FE            B                STOP
   20 0000001A 0000000A 
                       NUM     EQU              10
   21 0000001A 00 00 00000008 
              12345600 
              34567891 SRC     DCD              0x00000008,0x12345600,0x3456789
1
   22 00000028                 END
Command Line: --debug --xref --cpu=Cortex-M3 --apcs=interwork --depend=code2.d 
-ocode2.o -IC:\Keil\ARM\RV31\INC -IC:\Keil\ARM\CMSIS\Include -IC:\Keil\ARM\Inc\
NXP\LPC17xx --predefine="__EVAL SETA 1" --list=code2.lst code2.asm



ARM Macro Assembler    Page 1 Alphabetic symbol ordering
Relocatable symbols

RESET 00000000

Symbol: RESET
   Definitions
      At line 1 in file code2.asm
   Uses
      None
Comment: RESET unused
__Vectors 00000000

Symbol: __Vectors
   Definitions
      At line 3 in file code2.asm
   Uses
      At line 2 in file code2.asm
Comment: __Vectors used once
2 symbols



ARM Macro Assembler    Page 1 Alphabetic symbol ordering
Relocatable symbols

Reset_Handler 00000000

Symbol: Reset_Handler
   Definitions
      At line 11 in file code2.asm
   Uses
      At line 5 in file code2.asm
      At line 9 in file code2.asm

SRC 0000001C

Symbol: SRC
   Definitions
      At line 21 in file code2.asm
   Uses
      None
Comment: SRC unused
STOP 00000018

Symbol: STOP
   Definitions
      At line 18 in file code2.asm
   Uses
      At line 19 in file code2.asm
Comment: STOP used once
mycode 00000000

Symbol: mycode
   Definitions
      At line 7 in file code2.asm
   Uses
      None
Comment: mycode unused
4 symbols



ARM Macro Assembler    Page 1 Alphabetic symbol ordering
Absolute symbols

NUM 0000000A

Symbol: NUM
   Definitions
      At line 20 in file code2.asm
   Uses
      None
Comment: NUM unused
1 symbol
338 symbols in table
